[0.012s] Invoking command in '/home/user/Eurobot-excel/build/csv_to_bag': CMAKE_PREFIX_PATH=/opt/ros/humble /usr/bin/cmake --build /home/user/Eurobot-excel/build/csv_to_bag -- -j8 -l8
[0.065s] [35m[1mConsolidate compiler generated dependencies of target csv_to_bag[0m
[0.093s] [ 50%] [32mBuilding CXX object CMakeFiles/csv_to_bag.dir/src/csv_to_bag.cpp.o[0m
[2.460s] [01m[K/home/user/Eurobot-excel/src/csv_to_bag/src/csv_to_bag.cpp:[m[K In member function â€˜[01m[Kvoid CsvToBag::read_and_publish()[m[Kâ€™:
[2.460s] [01m[K/home/user/Eurobot-excel/src/csv_to_bag/src/csv_to_bag.cpp:30:61:[m[K [01;31m[Kerror: [m[Kâ€˜[01m[Kclass csv::CSVField[m[Kâ€™ has no member named â€˜[01m[Kas_int[m[Kâ€™; did you mean â€˜[01m[Kis_int[m[Kâ€™?
[2.460s]    30 |             rival_msgs_.header.stamp.sec = row["timestamp"].[01;31m[Kas_int[m[K();
[2.460s]       |                                                             [01;31m[K^~~~~~[m[K
[2.460s]       |                                                             [32m[Kis_int[m[K
[2.460s] [01m[K/home/user/Eurobot-excel/src/csv_to_bag/src/csv_to_bag.cpp:32:57:[m[K [01;31m[Kerror: [m[Kâ€˜[01m[Kclass csv::CSVField[m[Kâ€™ has no member named â€˜[01m[Kas_double[m[Kâ€™
[2.460s]    32 |             rival_msgs_.pose.pose.position.x = row["x"].[01;31m[Kas_double[m[K();
[2.460s]       |                                                         [01;31m[K^~~~~~~~~[m[K
[2.461s] [01m[K/home/user/Eurobot-excel/src/csv_to_bag/src/csv_to_bag.cpp:33:57:[m[K [01;31m[Kerror: [m[Kâ€˜[01m[Kclass csv::CSVField[m[Kâ€™ has no member named â€˜[01m[Kas_double[m[Kâ€™
[2.461s]    33 |             rival_msgs_.pose.pose.position.y = row["y"].[01;31m[Kas_double[m[K();
[2.461s]       |                                                         [01;31m[K^~~~~~~~~[m[K
[2.461s] [01m[K/home/user/Eurobot-excel/src/csv_to_bag/src/csv_to_bag.cpp:34:57:[m[K [01;31m[Kerror: [m[Kâ€˜[01m[Kclass csv::CSVField[m[Kâ€™ has no member named â€˜[01m[Kas_double[m[Kâ€™
[2.461s]    34 |             rival_msgs_.pose.pose.position.z = row["z"].[01;31m[Kas_double[m[K();
[2.461s]       |                                                         [01;31m[K^~~~~~~~~[m[K
[2.461s] [01m[K/home/user/Eurobot-excel/src/csv_to_bag/src/csv_to_bag.cpp:37:27:[m[K [01;31m[Kerror: [m[Kno matching function for call to â€˜[01m[Krosbag2_cpp::Writer::write(nav_msgs::msg::Odometry&, const char [12])[m[Kâ€™
[2.461s]    37 |             [01;31m[Kwriter_->write(rival_msgs_, "/rival/pose")[m[K;
[2.461s]       |             [01;31m[K~~~~~~~~~~~~~~^~~~~~~~~~~~~~~~~~~~~~~~~~~~[m[K
[2.461s] In file included from [01m[K/home/user/Eurobot-excel/src/csv_to_bag/src/csv_to_bag.cpp:3[m[K:
[2.461s] [01m[K/opt/ros/humble/include/rosbag2_cpp/rosbag2_cpp/writer.hpp:191:8:[m[K [01;36m[Knote: [m[Kcandidate: â€˜[01m[Ktemplate<class MessageT> void rosbag2_cpp::Writer::write(const MessageT&, const string&, const rclcpp::Time&)[m[Kâ€™
[2.461s]   191 |   void [01;36m[Kwrite[m[K(
[2.461s]       |        [01;36m[K^~~~~[m[K
[2.461s] [01m[K/opt/ros/humble/include/rosbag2_cpp/rosbag2_cpp/writer.hpp:191:8:[m[K [01;36m[Knote: [m[K  template argument deduction/substitution failed:
[2.461s] [01m[K/home/user/Eurobot-excel/src/csv_to_bag/src/csv_to_bag.cpp:37:27:[m[K [01;36m[Knote: [m[K  candidate expects 3 arguments, 2 provided
[2.461s]    37 |             [01;36m[Kwriter_->write(rival_msgs_, "/rival/pose")[m[K;
[2.461s]       |             [01;36m[K~~~~~~~~~~~~~~^~~~~~~~~~~~~~~~~~~~~~~~~~~~[m[K
[2.461s] In file included from [01m[K/home/user/Eurobot-excel/src/csv_to_bag/src/csv_to_bag.cpp:3[m[K:
[2.461s] [01m[K/opt/ros/humble/include/rosbag2_cpp/rosbag2_cpp/writer.hpp:122:8:[m[K [01;36m[Knote: [m[Kcandidate: â€˜[01m[Kvoid rosbag2_cpp::Writer::write(std::shared_ptr<rosbag2_storage::SerializedBagMessage>)[m[Kâ€™
[2.461s]   122 |   void [01;36m[Kwrite[m[K(std::shared_ptr<rosbag2_storage::SerializedBagMessage> message);
[2.461s]       |        [01;36m[K^~~~~[m[K
[2.461s] [01m[K/opt/ros/humble/include/rosbag2_cpp/rosbag2_cpp/writer.hpp:122:8:[m[K [01;36m[Knote: [m[K  candidate expects 1 argument, 2 provided
[2.461s] [01m[K/opt/ros/humble/include/rosbag2_cpp/rosbag2_cpp/writer.hpp:134:8:[m[K [01;36m[Knote: [m[Kcandidate: â€˜[01m[Kvoid rosbag2_cpp::Writer::write(std::shared_ptr<rosbag2_storage::SerializedBagMessage>, const string&, const string&, const string&)[m[Kâ€™
[2.461s]   134 |   void [01;36m[Kwrite[m[K(
[2.461s]       |        [01;36m[K^~~~~[m[K
[2.462s] [01m[K/opt/ros/humble/include/rosbag2_cpp/rosbag2_cpp/writer.hpp:134:8:[m[K [01;36m[Knote: [m[K  candidate expects 4 arguments, 2 provided
[2.462s] [01m[K/opt/ros/humble/include/rosbag2_cpp/rosbag2_cpp/writer.hpp:156:8:[m[K [01;36m[Knote: [m[Kcandidate: â€˜[01m[Kvoid rosbag2_cpp::Writer::write(const rclcpp::SerializedMessage&, const string&, const string&, const rclcpp::Time&)[m[Kâ€™
[2.462s]   156 |   void [01;36m[Kwrite[m[K(
[2.462s]       |        [01;36m[K^~~~~[m[K
[2.462s] [01m[K/opt/ros/humble/include/rosbag2_cpp/rosbag2_cpp/writer.hpp:156:8:[m[K [01;36m[Knote: [m[K  candidate expects 4 arguments, 2 provided
[2.462s] [01m[K/opt/ros/humble/include/rosbag2_cpp/rosbag2_cpp/writer.hpp:174:8:[m[K [01;36m[Knote: [m[Kcandidate: â€˜[01m[Kvoid rosbag2_cpp::Writer::write(std::shared_ptr<rclcpp::SerializedMessage>, const string&, const string&, const rclcpp::Time&)[m[Kâ€™
[2.462s]   174 |   void [01;36m[Kwrite[m[K(
[2.462s]       |        [01;36m[K^~~~~[m[K
[2.462s] [01m[K/opt/ros/humble/include/rosbag2_cpp/rosbag2_cpp/writer.hpp:174:8:[m[K [01;36m[Knote: [m[K  candidate expects 4 arguments, 2 provided
[3.680s] gmake[2]: *** [CMakeFiles/csv_to_bag.dir/build.make:76: CMakeFiles/csv_to_bag.dir/src/csv_to_bag.cpp.o] Error 1
[3.680s] gmake[1]: *** [CMakeFiles/Makefile2:137: CMakeFiles/csv_to_bag.dir/all] Error 2
[3.680s] gmake: *** [Makefile:146: all] Error 2
[3.682s] Invoked command in '/home/user/Eurobot-excel/build/csv_to_bag' returned '2': CMAKE_PREFIX_PATH=/opt/ros/humble /usr/bin/cmake --build /home/user/Eurobot-excel/build/csv_to_bag -- -j8 -l8
