[01m[K/home/user/Eurobot-excel/src/csv_to_bag/src/csv_to_bag.cpp:[m[K In member function â€˜[01m[Kvoid CsvToBag::read_and_publish()[m[Kâ€™:
[01m[K/home/user/Eurobot-excel/src/csv_to_bag/src/csv_to_bag.cpp:19:9:[m[K [01;31m[Kerror: [m[Kâ€˜[01m[Kio[m[Kâ€™ has not been declared
   19 |         [01;31m[Kio[m[K::CSVReader<4> csv_reader("/home/user/Eurobot-excel/src/csv_to_bag/data/test.csv");
      |         [01;31m[K^~[m[K
[01m[K/home/user/Eurobot-excel/src/csv_to_bag/src/csv_to_bag.cpp:19:26:[m[K [01;31m[Kerror: [m[Kâ€˜[01m[Kcsv_reader[m[Kâ€™ was not declared in this scope
   19 |         io::CSVReader<4> [01;31m[Kcsv_reader[m[K("/home/user/Eurobot-excel/src/csv_to_bag/data/test.csv");
      |                          [01;31m[K^~~~~~~~~~[m[K
[01m[K/home/user/Eurobot-excel/src/csv_to_bag/src/csv_to_bag.cpp:20:32:[m[K [01;31m[Kerror: [m[Kâ€˜[01m[Kio[m[Kâ€™ has not been declared
   20 |         csv_reader.read_header([01;31m[Kio[m[K::ignore_extra_column, "timestamp", "x", "y", "z");
      |                                [01;31m[K^~[m[K
[01m[K/home/user/Eurobot-excel/src/csv_to_bag/src/csv_to_bag.cpp:24:52:[m[K [01;31m[Kerror: [m[Kcannot convert â€˜[01m[Krclcpp::Time[m[Kâ€™ to â€˜[01m[Kbuiltin_interfaces::msg::Time_<std::allocator<void> >::_sec_type[m[Kâ€™ {aka â€˜[01m[Kint[m[Kâ€™} in assignment
   24 |             rival_msgs_.header.stamp.sec = rclcpp::[01;31m[KTime(static_cast<int64_t>(timestamp * 1e9))[m[K;
      |                                                    [01;31m[K^~~~~~~~~~~~~~~~~~~~~~~~~~~~~~~~~~~~~~~~~~~[m[K
      |                                                    [01;31m[K|[m[K
      |                                                    [01;31m[Krclcpp::Time[m[K
[01m[K/home/user/Eurobot-excel/src/csv_to_bag/src/csv_to_bag.cpp:31:27:[m[K [01;31m[Kerror: [m[Kno matching function for call to â€˜[01m[Krosbag2_cpp::Writer::write(nav_msgs::msg::Odometry&, const char [12])[m[Kâ€™
   31 |             [01;31m[Kwriter_->write(rival_msgs_, "/rival/pose")[m[K;
      |             [01;31m[K~~~~~~~~~~~~~~^~~~~~~~~~~~~~~~~~~~~~~~~~~~[m[K
In file included from [01m[K/home/user/Eurobot-excel/src/csv_to_bag/src/csv_to_bag.cpp:3[m[K:
[01m[K/opt/ros/humble/include/rosbag2_cpp/rosbag2_cpp/writer.hpp:191:8:[m[K [01;36m[Knote: [m[Kcandidate: â€˜[01m[Ktemplate<class MessageT> void rosbag2_cpp::Writer::write(const MessageT&, const string&, const rclcpp::Time&)[m[Kâ€™
  191 |   void [01;36m[Kwrite[m[K(
      |        [01;36m[K^~~~~[m[K
[01m[K/opt/ros/humble/include/rosbag2_cpp/rosbag2_cpp/writer.hpp:191:8:[m[K [01;36m[Knote: [m[K  template argument deduction/substitution failed:
[01m[K/home/user/Eurobot-excel/src/csv_to_bag/src/csv_to_bag.cpp:31:27:[m[K [01;36m[Knote: [m[K  candidate expects 3 arguments, 2 provided
   31 |             [01;36m[Kwriter_->write(rival_msgs_, "/rival/pose")[m[K;
      |             [01;36m[K~~~~~~~~~~~~~~^~~~~~~~~~~~~~~~~~~~~~~~~~~~[m[K
In file included from [01m[K/home/user/Eurobot-excel/src/csv_to_bag/src/csv_to_bag.cpp:3[m[K:
[01m[K/opt/ros/humble/include/rosbag2_cpp/rosbag2_cpp/writer.hpp:122:8:[m[K [01;36m[Knote: [m[Kcandidate: â€˜[01m[Kvoid rosbag2_cpp::Writer::write(std::shared_ptr<rosbag2_storage::SerializedBagMessage>)[m[Kâ€™
  122 |   void [01;36m[Kwrite[m[K(std::shared_ptr<rosbag2_storage::SerializedBagMessage> message);
      |        [01;36m[K^~~~~[m[K
[01m[K/opt/ros/humble/include/rosbag2_cpp/rosbag2_cpp/writer.hpp:122:8:[m[K [01;36m[Knote: [m[K  candidate expects 1 argument, 2 provided
[01m[K/opt/ros/humble/include/rosbag2_cpp/rosbag2_cpp/writer.hpp:134:8:[m[K [01;36m[Knote: [m[Kcandidate: â€˜[01m[Kvoid rosbag2_cpp::Writer::write(std::shared_ptr<rosbag2_storage::SerializedBagMessage>, const string&, const string&, const string&)[m[Kâ€™
  134 |   void [01;36m[Kwrite[m[K(
      |        [01;36m[K^~~~~[m[K
[01m[K/opt/ros/humble/include/rosbag2_cpp/rosbag2_cpp/writer.hpp:134:8:[m[K [01;36m[Knote: [m[K  candidate expects 4 arguments, 2 provided
[01m[K/opt/ros/humble/include/rosbag2_cpp/rosbag2_cpp/writer.hpp:156:8:[m[K [01;36m[Knote: [m[Kcandidate: â€˜[01m[Kvoid rosbag2_cpp::Writer::write(const rclcpp::SerializedMessage&, const string&, const string&, const rclcpp::Time&)[m[Kâ€™
  156 |   void [01;36m[Kwrite[m[K(
      |        [01;36m[K^~~~~[m[K
[01m[K/opt/ros/humble/include/rosbag2_cpp/rosbag2_cpp/writer.hpp:156:8:[m[K [01;36m[Knote: [m[K  candidate expects 4 arguments, 2 provided
[01m[K/opt/ros/humble/include/rosbag2_cpp/rosbag2_cpp/writer.hpp:174:8:[m[K [01;36m[Knote: [m[Kcandidate: â€˜[01m[Kvoid rosbag2_cpp::Writer::write(std::shared_ptr<rclcpp::SerializedMessage>, const string&, const string&, const rclcpp::Time&)[m[Kâ€™
  174 |   void [01;36m[Kwrite[m[K(
      |        [01;36m[K^~~~~[m[K
[01m[K/opt/ros/humble/include/rosbag2_cpp/rosbag2_cpp/writer.hpp:174:8:[m[K [01;36m[Knote: [m[K  candidate expects 4 arguments, 2 provided
gmake[2]: *** [CMakeFiles/csv_to_bag.dir/build.make:76: CMakeFiles/csv_to_bag.dir/src/csv_to_bag.cpp.o] Error 1
gmake[1]: *** [CMakeFiles/Makefile2:137: CMakeFiles/csv_to_bag.dir/all] Error 2
gmake: *** [Makefile:146: all] Error 2
